[100%] Built target controller
[100%] Built target diffdrive
-- Install configuration: ""
-- Up-to-date: /home/predator/akash_ws/install/bot_description/lib/bot_description/controller
-- Up-to-date: /home/predator/akash_ws/install/bot_description/lib/bot_description/diffdrive
-- Up-to-date: /home/predator/akash_ws/install/bot_description/share/bot_description//launch
-- Up-to-date: /home/predator/akash_ws/install/bot_description/share/bot_description//launch/final.launch.py
-- Up-to-date: /home/predator/akash_ws/install/bot_description/share/bot_description//launch/controller.launch.py
-- Up-to-date: /home/predator/akash_ws/install/bot_description/share/bot_description//launch/view_bot.launch.py
-- Up-to-date: /home/predator/akash_ws/install/bot_description/share/bot_description//launch/__pycache__
-- Up-to-date: /home/predator/akash_ws/install/bot_description/share/bot_description//launch/__pycache__/spawn.launch.cpython-310.pyc
-- Up-to-date: /home/predator/akash_ws/install/bot_description/share/bot_description//launch/spawn.launch.py
-- Up-to-date: /home/predator/akash_ws/install/bot_description/share/bot_description//rviz
-- Up-to-date: /home/predator/akash_ws/install/bot_description/share/bot_description//rviz/bot.rviz
-- Up-to-date: /home/predator/akash_ws/install/bot_description/share/bot_description//description
-- Up-to-date: /home/predator/akash_ws/install/bot_description/share/bot_description//description/bot.urdf
-- Up-to-date: /home/predator/akash_ws/install/bot_description/share/bot_description//description/gazebo_control.xacro
-- Up-to-date: /home/predator/akash_ws/install/bot_description/share/ament_index/resource_index/package_run_dependencies/bot_description
-- Up-to-date: /home/predator/akash_ws/install/bot_description/share/ament_index/resource_index/parent_prefix_path/bot_description
-- Up-to-date: /home/predator/akash_ws/install/bot_description/share/bot_description/environment/ament_prefix_path.sh
-- Up-to-date: /home/predator/akash_ws/install/bot_description/share/bot_description/environment/ament_prefix_path.dsv
-- Up-to-date: /home/predator/akash_ws/install/bot_description/share/bot_description/environment/path.sh
-- Up-to-date: /home/predator/akash_ws/install/bot_description/share/bot_description/environment/path.dsv
-- Up-to-date: /home/predator/akash_ws/install/bot_description/share/bot_description/local_setup.bash
-- Up-to-date: /home/predator/akash_ws/install/bot_description/share/bot_description/local_setup.sh
-- Up-to-date: /home/predator/akash_ws/install/bot_description/share/bot_description/local_setup.zsh
-- Up-to-date: /home/predator/akash_ws/install/bot_description/share/bot_description/local_setup.dsv
-- Installing: /home/predator/akash_ws/install/bot_description/share/bot_description/package.dsv
-- Up-to-date: /home/predator/akash_ws/install/bot_description/share/ament_index/resource_index/packages/bot_description
-- Up-to-date: /home/predator/akash_ws/install/bot_description/share/bot_description/cmake/bot_descriptionConfig.cmake
-- Up-to-date: /home/predator/akash_ws/install/bot_description/share/bot_description/cmake/bot_descriptionConfig-version.cmake
-- Up-to-date: /home/predator/akash_ws/install/bot_description/share/bot_description/package.xml
