[0.007s] Invoking command in '/home/predator/akash_ws/build/bot_control': CMAKE_PREFIX_PATH=${CMAKE_PREFIX_PATH}:/opt/ros/humble /usr/bin/cmake --build /home/predator/akash_ws/build/bot_control -- -j20 -l20
[0.025s] -- Found ament_cmake: 1.3.11 (/opt/ros/humble/share/ament_cmake/cmake)
[0.100s] -- Found rclcpp: 16.0.12 (/opt/ros/humble/share/rclcpp/cmake)
[0.115s] -- Found rosidl_generator_c: 3.1.6 (/opt/ros/humble/share/rosidl_generator_c/cmake)
[0.116s] -- Found rosidl_adapter: 3.1.6 (/opt/ros/humble/share/rosidl_adapter/cmake)
[0.119s] -- Found rosidl_generator_cpp: 3.1.6 (/opt/ros/humble/share/rosidl_generator_cpp/cmake)
[0.124s] -- Using all available rosidl_typesupport_c: rosidl_typesupport_fastrtps_c;rosidl_typesupport_introspection_c
[0.130s] -- Using all available rosidl_typesupport_cpp: rosidl_typesupport_fastrtps_cpp;rosidl_typesupport_introspection_cpp
[0.148s] -- Found rmw_implementation_cmake: 6.1.2 (/opt/ros/humble/share/rmw_implementation_cmake/cmake)
[0.148s] -- Found rmw_fastrtps_cpp: 6.2.7 (/opt/ros/humble/share/rmw_fastrtps_cpp/cmake)
[0.216s] -- Using RMW implementation 'rmw_fastrtps_cpp' as default
[0.242s] -- Found geometry_msgs: 4.8.0 (/opt/ros/humble/share/geometry_msgs/cmake)
[0.248s] -- Found sensor_msgs: 4.8.0 (/opt/ros/humble/share/sensor_msgs/cmake)
[0.257s] -- Found ament_lint_auto: 0.12.12 (/opt/ros/humble/share/ament_lint_auto/cmake)
[0.294s] -- Added test 'cppcheck' to perform static code analysis on C / C++ code
[0.294s] -- Configured cppcheck include dirs: 
[0.294s] -- Configured cppcheck exclude dirs and/or files: 
[0.294s] -- Added test 'flake8' to check Python code syntax and style conventions
[0.295s] -- Added test 'lint_cmake' to check CMake code style
[0.295s] -- Added test 'pep257' to check Python code against some of the docstring style conventions in PEP 257
[0.295s] -- Added test 'uncrustify' to check C / C++ code style
[0.295s] -- Configured uncrustify additional arguments: 
[0.295s] -- Added test 'xmllint' to check XML markup files
[0.296s] -- Configuring done
[0.300s] -- Generating done
[0.302s] -- Build files have been written to: /home/predator/akash_ws/build/bot_control
[0.321s] [35m[1mConsolidate compiler generated dependencies of target reading_laser[0m
[0.333s] [100%] Built target reading_laser
[0.341s] Invoked command in '/home/predator/akash_ws/build/bot_control' returned '0': CMAKE_PREFIX_PATH=${CMAKE_PREFIX_PATH}:/opt/ros/humble /usr/bin/cmake --build /home/predator/akash_ws/build/bot_control -- -j20 -l20
[0.346s] Invoking command in '/home/predator/akash_ws/build/bot_control': CMAKE_PREFIX_PATH=${CMAKE_PREFIX_PATH}:/opt/ros/humble /usr/bin/cmake --install /home/predator/akash_ws/build/bot_control
[0.353s] -- Install configuration: ""
[0.353s] -- Up-to-date: /home/predator/akash_ws/install/bot_control/lib/bot_control/reading_laser
[0.353s] -- Up-to-date: /home/predator/akash_ws/install/bot_control/lib/bot_control
[0.353s] -- Up-to-date: /home/predator/akash_ws/install/bot_control/lib/bot_control/reading_laser.cpp
[0.353s] -- Installing: /home/predator/akash_ws/install/bot_control/share/bot_control//launch
[0.353s] -- Installing: /home/predator/akash_ws/install/bot_control/share/bot_control//launch/reading_laser.launch.py
[0.353s] -- Up-to-date: /home/predator/akash_ws/install/bot_control/share/ament_index/resource_index/package_run_dependencies/bot_control
[0.353s] -- Up-to-date: /home/predator/akash_ws/install/bot_control/share/ament_index/resource_index/parent_prefix_path/bot_control
[0.353s] -- Up-to-date: /home/predator/akash_ws/install/bot_control/share/bot_control/environment/ament_prefix_path.sh
[0.354s] -- Installing: /home/predator/akash_ws/install/bot_control/share/bot_control/environment/ament_prefix_path.dsv
[0.354s] -- Up-to-date: /home/predator/akash_ws/install/bot_control/share/bot_control/environment/path.sh
[0.354s] -- Installing: /home/predator/akash_ws/install/bot_control/share/bot_control/environment/path.dsv
[0.354s] -- Up-to-date: /home/predator/akash_ws/install/bot_control/share/bot_control/local_setup.bash
[0.354s] -- Up-to-date: /home/predator/akash_ws/install/bot_control/share/bot_control/local_setup.sh
[0.354s] -- Up-to-date: /home/predator/akash_ws/install/bot_control/share/bot_control/local_setup.zsh
[0.354s] -- Installing: /home/predator/akash_ws/install/bot_control/share/bot_control/local_setup.dsv
[0.354s] -- Installing: /home/predator/akash_ws/install/bot_control/share/bot_control/package.dsv
[0.354s] -- Up-to-date: /home/predator/akash_ws/install/bot_control/share/ament_index/resource_index/packages/bot_control
[0.354s] -- Up-to-date: /home/predator/akash_ws/install/bot_control/share/bot_control/cmake/bot_controlConfig.cmake
[0.354s] -- Up-to-date: /home/predator/akash_ws/install/bot_control/share/bot_control/cmake/bot_controlConfig-version.cmake
[0.354s] -- Up-to-date: /home/predator/akash_ws/install/bot_control/share/bot_control/package.xml
[0.355s] Invoked command in '/home/predator/akash_ws/build/bot_control' returned '0': CMAKE_PREFIX_PATH=${CMAKE_PREFIX_PATH}:/opt/ros/humble /usr/bin/cmake --install /home/predator/akash_ws/build/bot_control
