[0.007s] Invoking command in '/home/predator/akash_ws/build/bot_description': CMAKE_PREFIX_PATH=${CMAKE_PREFIX_PATH}:/opt/ros/humble /usr/bin/cmake --build /home/predator/akash_ws/build/bot_description -- -j20 -l20
[0.047s] [ 50%] Built target diffdrive
[0.047s] [100%] Built target controller
[0.056s] Invoked command in '/home/predator/akash_ws/build/bot_description' returned '0': CMAKE_PREFIX_PATH=${CMAKE_PREFIX_PATH}:/opt/ros/humble /usr/bin/cmake --build /home/predator/akash_ws/build/bot_description -- -j20 -l20
[0.062s] Invoking command in '/home/predator/akash_ws/build/bot_description': CMAKE_PREFIX_PATH=${CMAKE_PREFIX_PATH}:/opt/ros/humble /usr/bin/cmake --install /home/predator/akash_ws/build/bot_description
[0.067s] -- Install configuration: ""
[0.067s] -- Up-to-date: /home/predator/akash_ws/install/bot_description/lib/bot_description/controller
[0.067s] -- Up-to-date: /home/predator/akash_ws/install/bot_description/lib/bot_description/diffdrive
[0.067s] -- Up-to-date: /home/predator/akash_ws/install/bot_description/share/bot_description//launch
[0.067s] -- Up-to-date: /home/predator/akash_ws/install/bot_description/share/bot_description//launch/final.launch.py
[0.067s] -- Up-to-date: /home/predator/akash_ws/install/bot_description/share/bot_description//launch/controller.launch.py
[0.067s] -- Up-to-date: /home/predator/akash_ws/install/bot_description/share/bot_description//launch/view_bot.launch.py
[0.067s] -- Up-to-date: /home/predator/akash_ws/install/bot_description/share/bot_description//launch/__pycache__
[0.067s] -- Installing: /home/predator/akash_ws/install/bot_description/share/bot_description//launch/__pycache__/spawn.launch.cpython-310.pyc
[0.067s] -- Up-to-date: /home/predator/akash_ws/install/bot_description/share/bot_description//launch/spawn.launch.py
[0.067s] -- Up-to-date: /home/predator/akash_ws/install/bot_description/share/bot_description//rviz
[0.067s] -- Up-to-date: /home/predator/akash_ws/install/bot_description/share/bot_description//rviz/bot.rviz
[0.067s] -- Up-to-date: /home/predator/akash_ws/install/bot_description/share/bot_description//description
[0.067s] -- Installing: /home/predator/akash_ws/install/bot_description/share/bot_description//description/bot.urdf
[0.067s] -- Up-to-date: /home/predator/akash_ws/install/bot_description/share/bot_description//description/gazebo_control.xacro
[0.067s] -- Up-to-date: /home/predator/akash_ws/install/bot_description/share/ament_index/resource_index/package_run_dependencies/bot_description
[0.067s] -- Up-to-date: /home/predator/akash_ws/install/bot_description/share/ament_index/resource_index/parent_prefix_path/bot_description
[0.067s] -- Up-to-date: /home/predator/akash_ws/install/bot_description/share/bot_description/environment/ament_prefix_path.sh
[0.067s] -- Up-to-date: /home/predator/akash_ws/install/bot_description/share/bot_description/environment/ament_prefix_path.dsv
[0.067s] -- Up-to-date: /home/predator/akash_ws/install/bot_description/share/bot_description/environment/path.sh
[0.067s] -- Up-to-date: /home/predator/akash_ws/install/bot_description/share/bot_description/environment/path.dsv
[0.067s] -- Up-to-date: /home/predator/akash_ws/install/bot_description/share/bot_description/local_setup.bash
[0.067s] -- Up-to-date: /home/predator/akash_ws/install/bot_description/share/bot_description/local_setup.sh
[0.068s] -- Up-to-date: /home/predator/akash_ws/install/bot_description/share/bot_description/local_setup.zsh
[0.068s] -- Up-to-date: /home/predator/akash_ws/install/bot_description/share/bot_description/local_setup.dsv
[0.068s] -- Installing: /home/predator/akash_ws/install/bot_description/share/bot_description/package.dsv
[0.068s] -- Up-to-date: /home/predator/akash_ws/install/bot_description/share/ament_index/resource_index/packages/bot_description
[0.068s] -- Up-to-date: /home/predator/akash_ws/install/bot_description/share/bot_description/cmake/bot_descriptionConfig.cmake
[0.068s] -- Up-to-date: /home/predator/akash_ws/install/bot_description/share/bot_description/cmake/bot_descriptionConfig-version.cmake
[0.068s] -- Up-to-date: /home/predator/akash_ws/install/bot_description/share/bot_description/package.xml
[0.068s] Invoked command in '/home/predator/akash_ws/build/bot_description' returned '0': CMAKE_PREFIX_PATH=${CMAKE_PREFIX_PATH}:/opt/ros/humble /usr/bin/cmake --install /home/predator/akash_ws/build/bot_description
