[0.007s] Invoking command in '/home/predator/akash_ws/build/bot_control': CMAKE_PREFIX_PATH=${CMAKE_PREFIX_PATH}:/opt/ros/humble /usr/bin/cmake --build /home/predator/akash_ws/build/bot_control -- -j20 -l20
[0.035s] Invoked command in '/home/predator/akash_ws/build/bot_control' returned '0': CMAKE_PREFIX_PATH=${CMAKE_PREFIX_PATH}:/opt/ros/humble /usr/bin/cmake --build /home/predator/akash_ws/build/bot_control -- -j20 -l20
[0.043s] Invoking command in '/home/predator/akash_ws/build/bot_control': CMAKE_PREFIX_PATH=${CMAKE_PREFIX_PATH}:/opt/ros/humble /usr/bin/cmake --install /home/predator/akash_ws/build/bot_control
[0.047s] -- Install configuration: ""
[0.047s] -- Up-to-date: /home/predator/akash_ws/install/bot_control/share/ament_index/resource_index/package_run_dependencies/bot_control
[0.047s] -- Up-to-date: /home/predator/akash_ws/install/bot_control/share/ament_index/resource_index/parent_prefix_path/bot_control
[0.047s] -- Up-to-date: /home/predator/akash_ws/install/bot_control/share/bot_control/environment/ament_prefix_path.sh
[0.047s] -- Up-to-date: /home/predator/akash_ws/install/bot_control/share/bot_control/environment/ament_prefix_path.dsv
[0.047s] -- Up-to-date: /home/predator/akash_ws/install/bot_control/share/bot_control/environment/path.sh
[0.047s] -- Up-to-date: /home/predator/akash_ws/install/bot_control/share/bot_control/environment/path.dsv
[0.047s] -- Up-to-date: /home/predator/akash_ws/install/bot_control/share/bot_control/local_setup.bash
[0.047s] -- Up-to-date: /home/predator/akash_ws/install/bot_control/share/bot_control/local_setup.sh
[0.047s] -- Up-to-date: /home/predator/akash_ws/install/bot_control/share/bot_control/local_setup.zsh
[0.047s] -- Up-to-date: /home/predator/akash_ws/install/bot_control/share/bot_control/local_setup.dsv
[0.047s] -- Installing: /home/predator/akash_ws/install/bot_control/share/bot_control/package.dsv
[0.047s] -- Up-to-date: /home/predator/akash_ws/install/bot_control/share/ament_index/resource_index/packages/bot_control
[0.047s] -- Up-to-date: /home/predator/akash_ws/install/bot_control/share/bot_control/cmake/bot_controlConfig.cmake
[0.047s] -- Up-to-date: /home/predator/akash_ws/install/bot_control/share/bot_control/cmake/bot_controlConfig-version.cmake
[0.047s] -- Up-to-date: /home/predator/akash_ws/install/bot_control/share/bot_control/package.xml
[0.048s] Invoked command in '/home/predator/akash_ws/build/bot_control' returned '0': CMAKE_PREFIX_PATH=${CMAKE_PREFIX_PATH}:/opt/ros/humble /usr/bin/cmake --install /home/predator/akash_ws/build/bot_control
