[0.006s] Invoking command in '/home/predator/akash_ws/build/bot_control': CMAKE_PREFIX_PATH=${CMAKE_PREFIX_PATH}:/opt/ros/humble /usr/bin/cmake --build /home/predator/akash_ws/build/bot_control -- -j20 -l20
[0.023s] -- Found ament_cmake: 1.3.11 (/opt/ros/humble/share/ament_cmake/cmake)
[0.094s] -- Found rclcpp: 16.0.12 (/opt/ros/humble/share/rclcpp/cmake)
[0.109s] -- Found rosidl_generator_c: 3.1.6 (/opt/ros/humble/share/rosidl_generator_c/cmake)
[0.110s] -- Found rosidl_adapter: 3.1.6 (/opt/ros/humble/share/rosidl_adapter/cmake)
[0.113s] -- Found rosidl_generator_cpp: 3.1.6 (/opt/ros/humble/share/rosidl_generator_cpp/cmake)
[0.118s] -- Using all available rosidl_typesupport_c: rosidl_typesupport_fastrtps_c;rosidl_typesupport_introspection_c
[0.124s] -- Using all available rosidl_typesupport_cpp: rosidl_typesupport_fastrtps_cpp;rosidl_typesupport_introspection_cpp
[0.141s] -- Found rmw_implementation_cmake: 6.1.2 (/opt/ros/humble/share/rmw_implementation_cmake/cmake)
[0.142s] -- Found rmw_fastrtps_cpp: 6.2.7 (/opt/ros/humble/share/rmw_fastrtps_cpp/cmake)
[0.202s] -- Using RMW implementation 'rmw_fastrtps_cpp' as default
[0.228s] -- Found geometry_msgs: 4.8.0 (/opt/ros/humble/share/geometry_msgs/cmake)
[0.234s] -- Found sensor_msgs: 4.8.0 (/opt/ros/humble/share/sensor_msgs/cmake)
[0.244s] -- Found ament_lint_auto: 0.12.12 (/opt/ros/humble/share/ament_lint_auto/cmake)
[0.281s] -- Added test 'cppcheck' to perform static code analysis on C / C++ code
[0.281s] -- Configured cppcheck include dirs: 
[0.281s] -- Configured cppcheck exclude dirs and/or files: 
[0.282s] -- Added test 'lint_cmake' to check CMake code style
[0.282s] -- Added test 'uncrustify' to check C / C++ code style
[0.282s] -- Configured uncrustify additional arguments: 
[0.282s] -- Added test 'xmllint' to check XML markup files
[0.283s] -- Configuring done
[0.287s] -- Generating done
[0.289s] -- Build files have been written to: /home/predator/akash_ws/build/bot_control
[0.312s] [ 50%] [32mBuilding CXX object CMakeFiles/reading_laser.dir/scripts/reading_laser.cpp.o[0m
[4.593s] [100%] [32m[1mLinking CXX executable reading_laser[0m
[4.808s] [100%] Built target reading_laser
[4.816s] Invoked command in '/home/predator/akash_ws/build/bot_control' returned '0': CMAKE_PREFIX_PATH=${CMAKE_PREFIX_PATH}:/opt/ros/humble /usr/bin/cmake --build /home/predator/akash_ws/build/bot_control -- -j20 -l20
[4.822s] Invoking command in '/home/predator/akash_ws/build/bot_control': CMAKE_PREFIX_PATH=${CMAKE_PREFIX_PATH}:/opt/ros/humble /usr/bin/cmake --install /home/predator/akash_ws/build/bot_control
[4.826s] -- Install configuration: ""
[4.826s] -- Installing: /home/predator/akash_ws/install/bot_control/lib/bot_control/reading_laser
[4.828s] -- Set runtime path of "/home/predator/akash_ws/install/bot_control/lib/bot_control/reading_laser" to ""
[4.828s] -- Up-to-date: /home/predator/akash_ws/install/bot_control/lib/bot_control
[4.828s] -- Installing: /home/predator/akash_ws/install/bot_control/lib/bot_control/reading_laser.cpp
[4.828s] -- Up-to-date: /home/predator/akash_ws/install/bot_control/share/ament_index/resource_index/package_run_dependencies/bot_control
[4.828s] -- Installing: /home/predator/akash_ws/install/bot_control/share/ament_index/resource_index/parent_prefix_path/bot_control
[4.828s] -- Up-to-date: /home/predator/akash_ws/install/bot_control/share/bot_control/environment/ament_prefix_path.sh
[4.828s] -- Installing: /home/predator/akash_ws/install/bot_control/share/bot_control/environment/ament_prefix_path.dsv
[4.828s] -- Up-to-date: /home/predator/akash_ws/install/bot_control/share/bot_control/environment/path.sh
[4.828s] -- Installing: /home/predator/akash_ws/install/bot_control/share/bot_control/environment/path.dsv
[4.828s] -- Up-to-date: /home/predator/akash_ws/install/bot_control/share/bot_control/local_setup.bash
[4.829s] -- Up-to-date: /home/predator/akash_ws/install/bot_control/share/bot_control/local_setup.sh
[4.829s] -- Up-to-date: /home/predator/akash_ws/install/bot_control/share/bot_control/local_setup.zsh
[4.829s] -- Installing: /home/predator/akash_ws/install/bot_control/share/bot_control/local_setup.dsv
[4.829s] -- Installing: /home/predator/akash_ws/install/bot_control/share/bot_control/package.dsv
[4.829s] -- Up-to-date: /home/predator/akash_ws/install/bot_control/share/ament_index/resource_index/packages/bot_control
[4.829s] -- Up-to-date: /home/predator/akash_ws/install/bot_control/share/bot_control/cmake/bot_controlConfig.cmake
[4.830s] -- Up-to-date: /home/predator/akash_ws/install/bot_control/share/bot_control/cmake/bot_controlConfig-version.cmake
[4.830s] -- Up-to-date: /home/predator/akash_ws/install/bot_control/share/bot_control/package.xml
[4.830s] Invoked command in '/home/predator/akash_ws/build/bot_control' returned '0': CMAKE_PREFIX_PATH=${CMAKE_PREFIX_PATH}:/opt/ros/humble /usr/bin/cmake --install /home/predator/akash_ws/build/bot_control
