[0.006s] Invoking command in '/home/predator/akash_ws/build/bot_control': CMAKE_PREFIX_PATH=${CMAKE_PREFIX_PATH}:/opt/ros/humble /usr/bin/cmake --build /home/predator/akash_ws/build/bot_control -- -j20 -l20
[0.022s] -- Found ament_cmake: 1.3.11 (/opt/ros/humble/share/ament_cmake/cmake)
[0.096s] -- Found rclcpp: 16.0.12 (/opt/ros/humble/share/rclcpp/cmake)
[0.111s] -- Found rosidl_generator_c: 3.1.6 (/opt/ros/humble/share/rosidl_generator_c/cmake)
[0.112s] -- Found rosidl_adapter: 3.1.6 (/opt/ros/humble/share/rosidl_adapter/cmake)
[0.115s] -- Found rosidl_generator_cpp: 3.1.6 (/opt/ros/humble/share/rosidl_generator_cpp/cmake)
[0.120s] -- Using all available rosidl_typesupport_c: rosidl_typesupport_fastrtps_c;rosidl_typesupport_introspection_c
[0.126s] -- Using all available rosidl_typesupport_cpp: rosidl_typesupport_fastrtps_cpp;rosidl_typesupport_introspection_cpp
[0.143s] -- Found rmw_implementation_cmake: 6.1.2 (/opt/ros/humble/share/rmw_implementation_cmake/cmake)
[0.144s] -- Found rmw_fastrtps_cpp: 6.2.7 (/opt/ros/humble/share/rmw_fastrtps_cpp/cmake)
[0.208s] -- Using RMW implementation 'rmw_fastrtps_cpp' as default
[0.233s] -- Found geometry_msgs: 4.8.0 (/opt/ros/humble/share/geometry_msgs/cmake)
[0.240s] -- Found sensor_msgs: 4.8.0 (/opt/ros/humble/share/sensor_msgs/cmake)
[0.248s] -- Found ament_lint_auto: 0.12.12 (/opt/ros/humble/share/ament_lint_auto/cmake)
[0.285s] -- Added test 'lint_cmake' to check CMake code style
[0.286s] -- Added test 'xmllint' to check XML markup files
[0.286s] -- Configuring done
[0.288s] -- Generating done
[0.289s] -- Build files have been written to: /home/predator/akash_ws/build/bot_control
[0.305s] Invoked command in '/home/predator/akash_ws/build/bot_control' returned '0': CMAKE_PREFIX_PATH=${CMAKE_PREFIX_PATH}:/opt/ros/humble /usr/bin/cmake --build /home/predator/akash_ws/build/bot_control -- -j20 -l20
[0.312s] Invoking command in '/home/predator/akash_ws/build/bot_control': CMAKE_PREFIX_PATH=${CMAKE_PREFIX_PATH}:/opt/ros/humble /usr/bin/cmake --install /home/predator/akash_ws/build/bot_control
[0.316s] -- Install configuration: ""
[0.316s] -- Up-to-date: /home/predator/akash_ws/install/bot_control/share/ament_index/resource_index/package_run_dependencies/bot_control
[0.317s] -- Up-to-date: /home/predator/akash_ws/install/bot_control/share/ament_index/resource_index/parent_prefix_path/bot_control
[0.317s] -- Up-to-date: /home/predator/akash_ws/install/bot_control/share/bot_control/environment/ament_prefix_path.sh
[0.317s] -- Installing: /home/predator/akash_ws/install/bot_control/share/bot_control/environment/ament_prefix_path.dsv
[0.317s] -- Up-to-date: /home/predator/akash_ws/install/bot_control/share/bot_control/environment/path.sh
[0.317s] -- Installing: /home/predator/akash_ws/install/bot_control/share/bot_control/environment/path.dsv
[0.317s] -- Up-to-date: /home/predator/akash_ws/install/bot_control/share/bot_control/local_setup.bash
[0.317s] -- Up-to-date: /home/predator/akash_ws/install/bot_control/share/bot_control/local_setup.sh
[0.317s] -- Up-to-date: /home/predator/akash_ws/install/bot_control/share/bot_control/local_setup.zsh
[0.317s] -- Installing: /home/predator/akash_ws/install/bot_control/share/bot_control/local_setup.dsv
[0.317s] -- Installing: /home/predator/akash_ws/install/bot_control/share/bot_control/package.dsv
[0.317s] -- Up-to-date: /home/predator/akash_ws/install/bot_control/share/ament_index/resource_index/packages/bot_control
[0.317s] -- Up-to-date: /home/predator/akash_ws/install/bot_control/share/bot_control/cmake/bot_controlConfig.cmake
[0.317s] -- Up-to-date: /home/predator/akash_ws/install/bot_control/share/bot_control/cmake/bot_controlConfig-version.cmake
[0.317s] -- Installing: /home/predator/akash_ws/install/bot_control/share/bot_control/package.xml
[0.318s] Invoked command in '/home/predator/akash_ws/build/bot_control' returned '0': CMAKE_PREFIX_PATH=${CMAKE_PREFIX_PATH}:/opt/ros/humble /usr/bin/cmake --install /home/predator/akash_ws/build/bot_control
