[0.005s] Invoking command in '/home/predator/akash_ws/build/bot_world': CMAKE_PREFIX_PATH=/home/predator/akash_ws/install/bot_description:/home/predator/akash_ws/install/bot_world:/home/predator/assignment_ws/install/testbed_gazebo:/home/predator/assignment_ws/install/testbed_description:/home/predator/assignment_ws/install/testbed_bringup:/opt/ros/humble /usr/bin/cmake --build /home/predator/akash_ws/build/bot_world -- -j20 -l20
[0.035s] Invoked command in '/home/predator/akash_ws/build/bot_world' returned '0': CMAKE_PREFIX_PATH=/home/predator/akash_ws/install/bot_description:/home/predator/akash_ws/install/bot_world:/home/predator/assignment_ws/install/testbed_gazebo:/home/predator/assignment_ws/install/testbed_description:/home/predator/assignment_ws/install/testbed_bringup:/opt/ros/humble /usr/bin/cmake --build /home/predator/akash_ws/build/bot_world -- -j20 -l20
[0.035s] Invoking command in '/home/predator/akash_ws/build/bot_world': CMAKE_PREFIX_PATH=/home/predator/akash_ws/install/bot_description:/home/predator/akash_ws/install/bot_world:/home/predator/assignment_ws/install/testbed_gazebo:/home/predator/assignment_ws/install/testbed_description:/home/predator/assignment_ws/install/testbed_bringup:/opt/ros/humble /usr/bin/cmake --install /home/predator/akash_ws/build/bot_world
[0.042s] -- Install configuration: ""
[0.042s] -- Up-to-date: /home/predator/akash_ws/install/bot_world/share/bot_world//worlds
[0.042s] -- Up-to-date: /home/predator/akash_ws/install/bot_world/share/bot_world//worlds/world2
[0.042s] -- Up-to-date: /home/predator/akash_ws/install/bot_world/share/bot_world//worlds/world1
[0.042s] -- Up-to-date: /home/predator/akash_ws/install/bot_world/share/bot_world//worlds/world1.world
[0.042s] -- Up-to-date: /home/predator/akash_ws/install/bot_world/share/bot_world//worlds/world2.world
[0.042s] -- Up-to-date: /home/predator/akash_ws/install/bot_world/share/bot_world//launch
[0.042s] -- Up-to-date: /home/predator/akash_ws/install/bot_world/share/bot_world//launch/spawn_bot.launch.py
[0.042s] -- Up-to-date: /home/predator/akash_ws/install/bot_world/share/ament_index/resource_index/package_run_dependencies/bot_world
[0.043s] -- Up-to-date: /home/predator/akash_ws/install/bot_world/share/ament_index/resource_index/parent_prefix_path/bot_world
[0.043s] -- Up-to-date: /home/predator/akash_ws/install/bot_world/share/bot_world/environment/ament_prefix_path.sh
[0.043s] -- Up-to-date: /home/predator/akash_ws/install/bot_world/share/bot_world/environment/ament_prefix_path.dsv
[0.043s] -- Up-to-date: /home/predator/akash_ws/install/bot_world/share/bot_world/environment/path.sh
[0.043s] -- Up-to-date: /home/predator/akash_ws/install/bot_world/share/bot_world/environment/path.dsv
[0.043s] -- Up-to-date: /home/predator/akash_ws/install/bot_world/share/bot_world/local_setup.bash
[0.043s] -- Up-to-date: /home/predator/akash_ws/install/bot_world/share/bot_world/local_setup.sh
[0.043s] -- Up-to-date: /home/predator/akash_ws/install/bot_world/share/bot_world/local_setup.zsh
[0.043s] -- Up-to-date: /home/predator/akash_ws/install/bot_world/share/bot_world/local_setup.dsv
[0.043s] -- Installing: /home/predator/akash_ws/install/bot_world/share/bot_world/package.dsv
[0.043s] -- Up-to-date: /home/predator/akash_ws/install/bot_world/share/ament_index/resource_index/packages/bot_world
[0.043s] -- Up-to-date: /home/predator/akash_ws/install/bot_world/share/bot_world/cmake/bot_worldConfig.cmake
[0.043s] -- Up-to-date: /home/predator/akash_ws/install/bot_world/share/bot_world/cmake/bot_worldConfig-version.cmake
[0.043s] -- Up-to-date: /home/predator/akash_ws/install/bot_world/share/bot_world/package.xml
[0.044s] Invoked command in '/home/predator/akash_ws/build/bot_world' returned '0': CMAKE_PREFIX_PATH=/home/predator/akash_ws/install/bot_description:/home/predator/akash_ws/install/bot_world:/home/predator/assignment_ws/install/testbed_gazebo:/home/predator/assignment_ws/install/testbed_description:/home/predator/assignment_ws/install/testbed_bringup:/opt/ros/humble /usr/bin/cmake --install /home/predator/akash_ws/build/bot_world
