-- Found ament_cmake: 1.3.11 (/opt/ros/humble/share/ament_cmake/cmake)
-- Found rclcpp: 16.0.12 (/opt/ros/humble/share/rclcpp/cmake)
-- Found rosidl_generator_c: 3.1.6 (/opt/ros/humble/share/rosidl_generator_c/cmake)
-- Found rosidl_adapter: 3.1.6 (/opt/ros/humble/share/rosidl_adapter/cmake)
-- Found rosidl_generator_cpp: 3.1.6 (/opt/ros/humble/share/rosidl_generator_cpp/cmake)
-- Using all available rosidl_typesupport_c: rosidl_typesupport_fastrtps_c;rosidl_typesupport_introspection_c
-- Using all available rosidl_typesupport_cpp: rosidl_typesupport_fastrtps_cpp;rosidl_typesupport_introspection_cpp
-- Found rmw_implementation_cmake: 6.1.2 (/opt/ros/humble/share/rmw_implementation_cmake/cmake)
-- Found rmw_fastrtps_cpp: 6.2.7 (/opt/ros/humble/share/rmw_fastrtps_cpp/cmake)
-- Using RMW implementation 'rmw_fastrtps_cpp' as default
-- Found geometry_msgs: 4.8.0 (/opt/ros/humble/share/geometry_msgs/cmake)
-- Found sensor_msgs: 4.8.0 (/opt/ros/humble/share/sensor_msgs/cmake)
-- Configuring done
-- Generating done
-- Build files have been written to: /home/predator/akash_ws/build/bot_description
[35m[1mConsolidate compiler generated dependencies of target controller[0m
[35m[1mConsolidate compiler generated dependencies of target diffdrive[0m
[ 75%] Built target diffdrive
[100%] Built target controller
-- Install configuration: ""
-- Up-to-date: /home/predator/akash_ws/install/bot_description/lib/bot_description/controller
-- Up-to-date: /home/predator/akash_ws/install/bot_description/lib/bot_description/diffdrive
-- Up-to-date: /home/predator/akash_ws/install/bot_description/share/bot_description//launch
-- Up-to-date: /home/predator/akash_ws/install/bot_description/share/bot_description//launch/final.launch.py
-- Up-to-date: /home/predator/akash_ws/install/bot_description/share/bot_description//launch/controller.launch.py
-- Up-to-date: /home/predator/akash_ws/install/bot_description/share/bot_description//launch/view_bot.launch.py
-- Up-to-date: /home/predator/akash_ws/install/bot_description/share/bot_description//launch/__pycache__
-- Installing: /home/predator/akash_ws/install/bot_description/share/bot_description//launch/__pycache__/spawn.launch.cpython-310.pyc
-- Up-to-date: /home/predator/akash_ws/install/bot_description/share/bot_description//launch/spawn.launch.py
-- Up-to-date: /home/predator/akash_ws/install/bot_description/share/bot_description//rviz
-- Up-to-date: /home/predator/akash_ws/install/bot_description/share/bot_description//rviz/bot.rviz
-- Up-to-date: /home/predator/akash_ws/install/bot_description/share/bot_description//description
-- Installing: /home/predator/akash_ws/install/bot_description/share/bot_description//description/bot.urdf
-- Up-to-date: /home/predator/akash_ws/install/bot_description/share/bot_description//description/gazebo_control.xacro
-- Installing: /home/predator/akash_ws/install/bot_description/share/ament_index/resource_index/package_run_dependencies/bot_description
-- Up-to-date: /home/predator/akash_ws/install/bot_description/share/ament_index/resource_index/parent_prefix_path/bot_description
-- Up-to-date: /home/predator/akash_ws/install/bot_description/share/bot_description/environment/ament_prefix_path.sh
-- Installing: /home/predator/akash_ws/install/bot_description/share/bot_description/environment/ament_prefix_path.dsv
-- Up-to-date: /home/predator/akash_ws/install/bot_description/share/bot_description/environment/path.sh
-- Installing: /home/predator/akash_ws/install/bot_description/share/bot_description/environment/path.dsv
-- Up-to-date: /home/predator/akash_ws/install/bot_description/share/bot_description/local_setup.bash
-- Up-to-date: /home/predator/akash_ws/install/bot_description/share/bot_description/local_setup.sh
-- Up-to-date: /home/predator/akash_ws/install/bot_description/share/bot_description/local_setup.zsh
-- Installing: /home/predator/akash_ws/install/bot_description/share/bot_description/local_setup.dsv
-- Installing: /home/predator/akash_ws/install/bot_description/share/bot_description/package.dsv
-- Up-to-date: /home/predator/akash_ws/install/bot_description/share/ament_index/resource_index/packages/bot_description
-- Up-to-date: /home/predator/akash_ws/install/bot_description/share/bot_description/cmake/bot_descriptionConfig.cmake
-- Up-to-date: /home/predator/akash_ws/install/bot_description/share/bot_description/cmake/bot_descriptionConfig-version.cmake
-- Installing: /home/predator/akash_ws/install/bot_description/share/bot_description/package.xml
