[0.007s] Invoking command in '/home/predator/akash_ws/build/bot_description': CMAKE_PREFIX_PATH=${CMAKE_PREFIX_PATH}:/opt/ros/humble /usr/bin/cmake --build /home/predator/akash_ws/build/bot_description -- -j20 -l20
[0.025s] -- Found ament_cmake: 1.3.11 (/opt/ros/humble/share/ament_cmake/cmake)
[0.102s] -- Found rclcpp: 16.0.12 (/opt/ros/humble/share/rclcpp/cmake)
[0.117s] -- Found rosidl_generator_c: 3.1.6 (/opt/ros/humble/share/rosidl_generator_c/cmake)
[0.119s] -- Found rosidl_adapter: 3.1.6 (/opt/ros/humble/share/rosidl_adapter/cmake)
[0.122s] -- Found rosidl_generator_cpp: 3.1.6 (/opt/ros/humble/share/rosidl_generator_cpp/cmake)
[0.127s] -- Using all available rosidl_typesupport_c: rosidl_typesupport_fastrtps_c;rosidl_typesupport_introspection_c
[0.133s] -- Using all available rosidl_typesupport_cpp: rosidl_typesupport_fastrtps_cpp;rosidl_typesupport_introspection_cpp
[0.150s] -- Found rmw_implementation_cmake: 6.1.2 (/opt/ros/humble/share/rmw_implementation_cmake/cmake)
[0.151s] -- Found rmw_fastrtps_cpp: 6.2.7 (/opt/ros/humble/share/rmw_fastrtps_cpp/cmake)
[0.213s] -- Using RMW implementation 'rmw_fastrtps_cpp' as default
[0.239s] -- Found geometry_msgs: 4.8.0 (/opt/ros/humble/share/geometry_msgs/cmake)
[0.245s] -- Found sensor_msgs: 4.8.0 (/opt/ros/humble/share/sensor_msgs/cmake)
[0.293s] -- Configuring done
[0.299s] -- Generating done
[0.302s] -- Build files have been written to: /home/predator/akash_ws/build/bot_description
[0.318s] [35m[1mConsolidate compiler generated dependencies of target controller[0m
[0.318s] [35m[1mConsolidate compiler generated dependencies of target diffdrive[0m
[0.329s] [ 75%] Built target diffdrive
[0.329s] [100%] Built target controller
[0.337s] Invoked command in '/home/predator/akash_ws/build/bot_description' returned '0': CMAKE_PREFIX_PATH=${CMAKE_PREFIX_PATH}:/opt/ros/humble /usr/bin/cmake --build /home/predator/akash_ws/build/bot_description -- -j20 -l20
[0.343s] Invoking command in '/home/predator/akash_ws/build/bot_description': CMAKE_PREFIX_PATH=${CMAKE_PREFIX_PATH}:/opt/ros/humble /usr/bin/cmake --install /home/predator/akash_ws/build/bot_description
[0.348s] -- Install configuration: ""
[0.348s] -- Up-to-date: /home/predator/akash_ws/install/bot_description/lib/bot_description/controller
[0.348s] -- Up-to-date: /home/predator/akash_ws/install/bot_description/lib/bot_description/diffdrive
[0.348s] -- Up-to-date: /home/predator/akash_ws/install/bot_description/share/bot_description//launch
[0.348s] -- Up-to-date: /home/predator/akash_ws/install/bot_description/share/bot_description//launch/final.launch.py
[0.348s] -- Up-to-date: /home/predator/akash_ws/install/bot_description/share/bot_description//launch/controller.launch.py
[0.348s] -- Up-to-date: /home/predator/akash_ws/install/bot_description/share/bot_description//launch/view_bot.launch.py
[0.348s] -- Up-to-date: /home/predator/akash_ws/install/bot_description/share/bot_description//launch/__pycache__
[0.348s] -- Installing: /home/predator/akash_ws/install/bot_description/share/bot_description//launch/__pycache__/spawn.launch.cpython-310.pyc
[0.348s] -- Up-to-date: /home/predator/akash_ws/install/bot_description/share/bot_description//launch/spawn.launch.py
[0.348s] -- Up-to-date: /home/predator/akash_ws/install/bot_description/share/bot_description//rviz
[0.348s] -- Up-to-date: /home/predator/akash_ws/install/bot_description/share/bot_description//rviz/bot.rviz
[0.348s] -- Up-to-date: /home/predator/akash_ws/install/bot_description/share/bot_description//description
[0.348s] -- Installing: /home/predator/akash_ws/install/bot_description/share/bot_description//description/bot.urdf
[0.349s] -- Up-to-date: /home/predator/akash_ws/install/bot_description/share/bot_description//description/gazebo_control.xacro
[0.349s] -- Installing: /home/predator/akash_ws/install/bot_description/share/ament_index/resource_index/package_run_dependencies/bot_description
[0.349s] -- Up-to-date: /home/predator/akash_ws/install/bot_description/share/ament_index/resource_index/parent_prefix_path/bot_description
[0.349s] -- Up-to-date: /home/predator/akash_ws/install/bot_description/share/bot_description/environment/ament_prefix_path.sh
[0.349s] -- Installing: /home/predator/akash_ws/install/bot_description/share/bot_description/environment/ament_prefix_path.dsv
[0.349s] -- Up-to-date: /home/predator/akash_ws/install/bot_description/share/bot_description/environment/path.sh
[0.349s] -- Installing: /home/predator/akash_ws/install/bot_description/share/bot_description/environment/path.dsv
[0.349s] -- Up-to-date: /home/predator/akash_ws/install/bot_description/share/bot_description/local_setup.bash
[0.349s] -- Up-to-date: /home/predator/akash_ws/install/bot_description/share/bot_description/local_setup.sh
[0.349s] -- Up-to-date: /home/predator/akash_ws/install/bot_description/share/bot_description/local_setup.zsh
[0.349s] -- Installing: /home/predator/akash_ws/install/bot_description/share/bot_description/local_setup.dsv
[0.349s] -- Installing: /home/predator/akash_ws/install/bot_description/share/bot_description/package.dsv
[0.349s] -- Up-to-date: /home/predator/akash_ws/install/bot_description/share/ament_index/resource_index/packages/bot_description
[0.349s] -- Up-to-date: /home/predator/akash_ws/install/bot_description/share/bot_description/cmake/bot_descriptionConfig.cmake
[0.349s] -- Up-to-date: /home/predator/akash_ws/install/bot_description/share/bot_description/cmake/bot_descriptionConfig-version.cmake
[0.349s] -- Installing: /home/predator/akash_ws/install/bot_description/share/bot_description/package.xml
[0.350s] Invoked command in '/home/predator/akash_ws/build/bot_description' returned '0': CMAKE_PREFIX_PATH=${CMAKE_PREFIX_PATH}:/opt/ros/humble /usr/bin/cmake --install /home/predator/akash_ws/build/bot_description
